<?xml version="1.0" encoding="UTF-8"?>
<!-- Generated by org.testng.reporters.JUnitXMLReporter -->
<testsuite ignored="1" hostname="LAPTOP-3JATDN3D" failures="0" tests="2" name="MyfirstTest" time="83.293" errors="0" timestamp="05 Apr 2019 14:07:21 GMT">
  <testcase classname="testNG_frameWork.Before_class_And_AfterClass" name="TC3" time="57.094"/>
  <testcase classname="testNG_frameWork.Before_class_And_AfterClass" name="TC2" time="7.241"/>
  <testcase classname="testNG_frameWork.Before_class_And_AfterClass" name="TC1" time="0.0">
    <ignored/>
  </testcase> <!-- TC1 -->
</testsuite> <!-- MyfirstTest -->
